baseanimation/BaseAnimation/proguard/seeds.txt
com.duguang.baseanimation.R$anim
com.duguang.baseanimation.R$anim: int a1
com.duguang.baseanimation.R$anim: int a2
com.duguang.baseanimation.R$anim: int alpha
com.duguang.baseanimation.R$anim: int alpha_rotate
com.duguang.baseanimation.R$anim: int alpha_scale
com.duguang.baseanimation.R$anim: int alpha_scale_rotate
com.duguang.baseanimation.R$anim: int alpha_scale_translate
com.duguang.baseanimation.R$anim: int alpha_scale_translate_rotate
com.duguang.baseanimation.R$anim: int alpha_translate
com.duguang.baseanimation.R$anim: int alpha_translate_rotate
com.duguang.baseanimation.R$anim: int animator
com.duguang.baseanimation.R$anim: int animator_set
com.duguang.baseanimation.R$anim: int appear_bottom_right_in
com.duguang.baseanimation.R$anim: int appear_bottom_right_out
com.duguang.baseanimation.R$anim: int appear_top_left_in
com.duguang.baseanimation.R$anim: int appear_top_left_out
com.duguang.baseanimation.R$anim: int block_move_right
com.duguang.baseanimation.R$anim: int color_animator
com.duguang.baseanimation.R$anim: int disappear_bottom_right_in
com.duguang.baseanimation.R$anim: int disappear_bottom_right_out
com.duguang.baseanimation.R$anim: int disappear_top_left_in
com.duguang.baseanimation.R$anim: int disappear_top_left_out
com.duguang.baseanimation.R$anim: int drawroll_ani_in
com.duguang.baseanimation.R$anim: int drawroll_ani_out
com.duguang.baseanimation.R$anim: int fade
com.duguang.baseanimation.R$anim: int fade_in
com.duguang.baseanimation.R$animator
com.duguang.baseanimation.R$animator: int fadein
com.duguang.baseanimation.R$animator: R$animator()
com.duguang.baseanimation.R$attr
com.duguang.baseanimation.R$attr: int animationBitmapFormat
com.duguang.baseanimation.R$attr: int orientation
com.duguang.baseanimation.R$attr: R$attr()
com.duguang.baseanimation.R$color
com.duguang.baseanimation.R$color: int blue
com.duguang.baseanimation.R$color: int darkgrey
com.duguang.baseanimation.R$color: int green
com.duguang.baseanimation.R$color: int red
com.duguang.baseanimation.R$color: int transparentBlack
com.duguang.baseanimation.R$color: int umeng_fb_color_btn_normal
com.duguang.baseanimation.R$color: int umeng_fb_color_btn_pressed
com.duguang.baseanimation.R$color: int umeng_socialize_color_group
com.duguang.baseanimation.R$color: int umeng_socialize_comments_bg
com.duguang.baseanimation.R$color: int umeng_socialize_divider
com.duguang.baseanimation.R$color: int umeng_socialize_edit_bg
com.duguang.baseanimation.R$color: int umeng_socialize_grid_divider_line
com.duguang.baseanimation.R$color: int umeng_socialize_list_item_bgcolor
com.duguang.baseanimation.R$color: int umeng_socialize_list_item_textcolor
com.duguang.baseanimation.R$color: int umeng_socialize_text_friends_list
com.duguang.baseanimation.R$color: int umeng_socialize_text_share_content
com.duguang.baseanimation.R$color: int umeng_socialize_text_time
com.duguang.baseanimation.R$color: int umeng_socialize_text_title
com.duguang.baseanimation.R$color: int umeng_socialize_text_ucenter
com.duguang.baseanimation.R$color: int umeng_socialize_ucenter_bg
com.duguang.baseanimation.R$color: int white
com.duguang.baseanimation.R$color: R$color()
com.duguang.baseanimation.R$dimen
com.duguang.baseanimation.R$dimen: int activity_horizontal_margin
com.duguang.baseanimation.R$dimen: int activity_vertical_margin
com.duguang.baseanimation.R$dimen: int alphabet_size
com.duguang.baseanimation.R$dimen: int textSize
com.duguang.baseanimation.R$dimen: int umeng_socialize_pad_window_height
com.duguang.baseanimation.R$dimen: int umeng_socialize_pad_window_width
com.duguang.baseanimation.R$dimen: R$dimen()
...
com.umeng.socialize.bean.SocializeEntity
com.umeng.socialize.bean.SocializeEntity: java.lang.String mEntityKey
com.umeng.socialize.bean.SocializeEntity: java.lang.String mSessionID
com.umeng.socialize.bean.SocializeEntity: java.lang.String mDescriptor
com.umeng.socialize.bean.SocializeEntity: java.lang.String mCustomID
com.umeng.socialize.bean.SocializeEntity: int a
com.umeng.socialize.bean.SocializeEntity: int b
com.umeng.socialize.bean.SocializeEntity: int c
com.umeng.socialize.bean.SocializeEntity: int d
com.umeng.socialize.bean.SocializeEntity: boolean e
com.umeng.socialize.bean.SocializeEntity: java.lang.String f
com.umeng.socialize.bean.SocializeEntity: com.umeng.socialize.bean.LIKESTATUS g
com.umeng.socialize.bean.SocializeEntity: boolean mInitialized
com.umeng.socialize.bean.SocializeEntity: java.util.Map h
com.umeng.socialize.bean.SocializeEntity: java.lang.String i
com.umeng.socialize.bean.SocializeEntity: com.umeng.socialize.bean.SocializeConfig j
com.umeng.socialize.bean.SocializeEntity: com.umeng.socialize.controller.RequestType k
com.umeng.socialize.bean.SocializeEntity: com.umeng.socialize.bean.UMShareMsg l
com.umeng.socialize.bean.SocializeEntity: com.umeng.socialize.bean.ShareType m
com.umeng.socialize.bean.SocializeEntity: SocializeEntity(java.lang.String,com.umeng.socialize.controller.RequestType)
com.umeng.socialize.bean.SocializeEntity: com.umeng.socialize.media.UMediaObject getMedia()
com.umeng.socialize.bean.SocializeUser
com.umeng.socialize.bean.SocializeUser: java.util.List mAccounts
com.umeng.socialize.bean.SocializeUser: com.umeng.socialize.bean.SHARE_MEDIA mDefaultPlatform
com.umeng.socialize.bean.SocializeUser: com.umeng.socialize.bean.SnsAccount mLoginAccount
com.umeng.socialize.bean.SocializeUser: SocializeUser()
com.umeng.socialize.bean.StatusCode
com.umeng.socialize.bean.StatusCode: int ST_CODE_SUCCESSED
com.umeng.socialize.bean.StatusCode: int ST_CODE_ACCESS_EXPIRED
com.umeng.socialize.bean.StatusCode: int ST_CODE_ACCESS_EXPIRED2
com.umeng.socialize.bean.StatusCode: int ST_CODE_ERROR_WEIXIN
com.umeng.socialize.bean.StatusCode: int ST_CODE_CONTENT_REPEAT
com.umeng.socialize.bean.StatusCode: int ST_CODE_USER_BANNED
com.umeng.socialize.bean.StatusCode: int ST_CODE_ERROR_CANCEL
com.umeng.socialize.bean.StatusCode: int ST_CODE_ERROR_INVALID_DATA
com.umeng.socialize.bean.StatusCode: int ST_CODE_SDK_NO_OAUTH
com.umeng.socialize.bean.StatusCode: int ST_CODE_SDK_UNKNOW
com.umeng.socialize.bean.StatusCode: int ST_CODE_SDK_NORESPONSE
com.umeng.socialize.bean.StatusCode: int ST_CODE_SDK_INITQUEUE_FAILED
com.umeng.socialize.bean.StatusCode: int ST_CODE_SDK_SHARE_PARAMS_ERROR
com.umeng.socialize.bean.StatusCode: StatusCode()
com.umeng.socialize.bean.StatusCode: int showErrMsg(android.content.Context,int,java.lang.String)
com.umeng.socialize.bean.UMComment
com.umeng.socialize.bean.UMComment: boolean b
com.umeng.socialize.bean.UMComment: java.util.List c
com.umeng.socialize.bean.UMComment: java.lang.String mUserIcon
com.umeng.socialize.bean.UMComment: java.lang.String mUid
com.umeng.socialize.bean.UMComment: java.lang.String mUname
com.umeng.socialize.bean.UMComment: java.lang.String mSignature
com.umeng.socialize.bean.UMComment: long mDt
com.umeng.socialize.bean.UMComment: com.umeng.socialize.bean.Gender mGender
com.umeng.socialize.bean.UMComment: android.os.Parcelable$Creator CREATOR
com.umeng.socialize.bean.UMComment: void <clinit>()
com.umeng.socialize.bean.UMComment: UMComment()
com.umeng.socialize.bean.UMComment: com.umeng.socialize.bean.UMComment parseJson(org.json.JSONObject)
com.umeng.socialize.bean.UMComment: int describeContents()
com.umeng.socialize.bean.UMComment: void writeToParcel(android.os.Parcel,int)
com.umeng.socialize.bean.UMComment: UMComment(android.os.Parcel)
com.umeng.socialize.bean.UMComment: UMComment(android.os.Parcel,com.umeng.socialize.bean.UMComment)