baseanimation/BaseAnimation/proguard/mapping.txt
com.duguang.baseanimation.ContantValue -> com.duguang.baseanimation.a:
    int[] simple -> a
    java.lang.String[] simpleName -> b
    int[] complex -> c
    java.lang.String[] animName -> d
    java.lang.String[] splashName -> e
    java.lang.String[] imitateName -> f
com.duguang.baseanimation.R -> com.duguang.baseanimation.R:
com.duguang.baseanimation.R$anim -> com.duguang.baseanimation.R$anim:
    int a1 -> a1
    int a2 -> a2
    int alpha -> alpha
    int alpha_rotate -> alpha_rotate
    int alpha_scale -> alpha_scale
    int alpha_scale_rotate -> alpha_scale_rotate
    int alpha_scale_translate -> alpha_scale_translate
    int alpha_scale_translate_rotate -> alpha_scale_translate_rotate
    int alpha_translate -> alpha_translate
    int alpha_translate_rotate -> alpha_translate_rotate
    int animator -> animator
    int animator_set -> animator_set
    int appear_bottom_right_in -> appear_bottom_right_in
    int appear_bottom_right_out -> appear_bottom_right_out
    int appear_top_left_in -> appear_top_left_in
    int appear_top_left_out -> appear_top_left_out
    int block_move_right -> block_move_right
    int color_animator -> color_animator
    int disappear_bottom_right_in -> disappear_bottom_right_in
    int disappear_bottom_right_out -> disappear_bottom_right_out
    int disappear_top_left_in -> disappear_top_left_in
    int disappear_top_left_out -> disappear_top_left_out
    int drawroll_ani_in -> drawroll_ani_in
    int drawroll_ani_out -> drawroll_ani_out
    int fade -> fade
    int fade_in -> fade_in
    int fade_out -> fade_out
    int fadein -> fadein
    int flip_horizontal_in -> flip_horizontal_in
    int flip_horizontal_out -> flip_horizontal_out
    int flip_vertical_in -> flip_vertical_in
    int flip_vertical_out -> flip_vertical_out
com.duguang.baseanimation.R$animator -> com.duguang.baseanimation.R$animator:
    int fadein -> fadein
com.duguang.baseanimation.R$attr -> com.duguang.baseanimation.R$attr:
    int animationBitmapFormat -> animationBitmapFormat
    int orientation -> orientation
com.duguang.baseanimation.R$color -> com.duguang.baseanimation.R$color:
    int blue -> blue
    int darkgrey -> darkgrey
    int green -> green
    int red -> red
    int transparentBlack -> transparentBlack
    int umeng_fb_color_btn_normal -> umeng_fb_color_btn_normal
    int umeng_fb_color_btn_pressed -> umeng_fb_color_btn_pressed
    int umeng_socialize_color_group -> umeng_socialize_color_group
    int umeng_socialize_comments_bg -> umeng_socialize_comments_bg
    int umeng_socialize_divider -> umeng_socialize_divider
    int umeng_socialize_edit_bg -> umeng_socialize_edit_bg
    int umeng_socialize_grid_divider_line -> umeng_socialize_grid_divider_line
    int umeng_socialize_list_item_bgcolor -> umeng_socialize_list_item_bgcolor
    int umeng_socialize_list_item_textcolor -> umeng_socialize_list_item_textcolor
    int umeng_socialize_text_friends_list -> umeng_socialize_text_friends_list
    int umeng_socialize_text_share_content -> umeng_socialize_text_share_content
    int umeng_socialize_text_time -> umeng_socialize_text_time
    int umeng_socialize_text_title -> umeng_socialize_text_title
    int umeng_socialize_text_ucenter -> umeng_socialize_text_ucenter
    int umeng_socialize_ucenter_bg -> umeng_socialize_ucenter_bg
    int white -> white
com.duguang.baseanimation.R$dimen -> com.duguang.baseanimation.R$dimen:
    int activity_horizontal_margin -> activity_horizontal_margin
    int activity_vertical_margin -> activity_vertical_margin
    int alphabet_size -> alphabet_size
    int textSize -> textSize
    int umeng_socialize_pad_window_height -> umeng_socialize_pad_window_height
    int umeng_socialize_pad_window_width -> umeng_socialize_pad_window_width
...
com.umeng.socialize.exception.SocializeException -> com.umeng.socialize.exception.SocializeException:
    long b -> b
    int a -> a
    java.lang.String c -> c
    19:19:int getErrorCode() -> getErrorCode
    40:40:java.lang.String getMessage() -> getMessage
com.umeng.socialize.location.SocializeLocationProvider -> com.umeng.socialize.location.SocializeLocationProvider:
    android.location.Location b() -> b
com.umeng.socialize.location.a -> com.umeng.socialize.location.a:
    java.lang.String a -> a
    android.location.Location b -> b
    android.content.Context c -> c
    com.umeng.socialize.location.d d -> d
    com.umeng.socialize.location.c e -> e
    java.lang.String f -> f
    32:35:void a(android.content.Context) -> a
    38:41:void a() -> a
    46:55:android.location.Location b() -> b
    59:85:void a(android.content.Context,int) -> a
    88:89:void a(com.umeng.socialize.location.d) -> a
    92:92:com.umeng.socialize.location.d c() -> c
    96:97:void a(android.location.Location) -> a
    100:101:void a(java.lang.String) -> a
com.umeng.socialize.location.b -> com.umeng.socialize.location.b:
    com.umeng.socialize.location.a a -> a
    java.lang.String b -> b
    29:40:android.location.Location a(java.lang.Void[]) -> a
    44:51:android.location.Location a() -> a
    1:1:java.lang.Object doInBackground(java.lang.Object[]) -> doInBackground
com.umeng.socialize.location.c -> com.umeng.socialize.location.c:
    com.umeng.socialize.location.a a -> a
    23:23:void onStatusChanged(java.lang.String,int,android.os.Bundle) -> onStatusChanged
    26:26:void onProviderEnabled(java.lang.String) -> onProviderEnabled
    29:29:void onProviderDisabled(java.lang.String) -> onProviderDisabled
    33:37:void onLocationChanged(android.location.Location) -> onLocationChanged
    40:41:void a(com.umeng.socialize.location.a) -> a
com.umeng.socialize.location.d -> com.umeng.socialize.location.d:
    android.location.LocationManager a -> a
    27:31:void a(android.content.Context) -> a
    34:34:java.lang.String a(android.location.Criteria,boolean) -> a
    38:38:android.location.Location a(java.lang.String) -> a
    42:42:boolean b(java.lang.String) -> b
    47:55:void a(android.app.Activity,java.lang.String,long,float,android.location.LocationListener) -> a
    58:61:void a(android.location.LocationListener) -> a
com.umeng.socialize.location.e -> com.umeng.socialize.location.e:
    com.umeng.socialize.location.d a -> a
    java.lang.String b -> b
    long c -> c
    float d -> d
    android.location.LocationListener e -> e
    51:52:void run() -> run
com.umeng.socialize.media.BaseMediaObject -> com.umeng.socialize.media.BaseMediaObject:
    java.lang.String a -> a
    java.lang.String b -> b
    java.lang.String c -> c
    java.lang.String d -> d
    int e -> e
    31:31:java.lang.String toUrl() -> toUrl
    35:36:void setMediaUrl(java.lang.String) -> setMediaUrl
    40:44:boolean isUrlMedia() -> isUrlMedia
    50:50:int describeContents() -> describeContents
    55:59:void writeToParcel(android.os.Parcel,int) -> writeToParcel
    62:62:java.lang.String getTitle() -> getTitle
    79:80:void setTitle(java.lang.String) -> setTitle
    83:83:java.lang.String getThumb() -> getThumb
    100:101:void setThumb(java.lang.String) -> setThumb
    117:118:void setTargetUrl(java.lang.String) -> setTargetUrl
    121:121:java.lang.String getTargetUrl() -> getTargetUrl
    143:143:com.umeng.socialize.bean.SHARE_MEDIA getTargetPlatform() -> getTargetPlatform
    148:148:java.lang.String toString() -> toString