baseanimation/BaseAnimation/proguard/usage.txt
com.duguang.baseanimation.BuildConfig
com.duguang.baseanimation.Manifest
com.duguang.baseanimation.Manifest$permission
com.duguang.baseanimation.R:
    10:10:public R()
com.duguang.baseanimation.adapter.AnimationAdapter:
    private static final java.lang.String tag
com.duguang.baseanimation.app.MainApplication:
    private static final java.lang.String TAG
com.duguang.baseanimation.receicer.MyReceiver:
    private static final java.lang.String TAG
com.duguang.baseanimation.ui.MainActivity:
    private static final java.lang.String tag
    public static final java.lang.String MESSAGE_RECEIVED_ACTION
    public static final java.lang.String KEY_TITLE
    public static final java.lang.String KEY_MESSAGE
    public static final java.lang.String KEY_EXTRAS
com.duguang.baseanimation.ui.anim.Rotate3DAnimation:
    private static final java.lang.String TAG
com.duguang.baseanimation.ui.flip.data.ImagePlaceholders
com.duguang.baseanimation.ui.flip.data.Travels:
    22:22:public Travels()
com.duguang.baseanimation.ui.flip.issue5.GalleryFlipAdapter:
    74:75:public void clear()
com.duguang.baseanimation.ui.flip.issue5.GalleryFlipItem$ContentPhotosDownloader:
    private boolean hideProgress
com.duguang.baseanimation.ui.flip.issue5.GalleryPage:
    23:24:public void setPageTitle(java.lang.String)
    31:32:public void setImageURL(java.lang.String)
    35:35:public java.lang.String getTargetLinkCaption()
    39:40:public void setTargetLinkCaption(java.lang.String)
    47:48:public void setTargetURL(java.lang.String)
com.duguang.baseanimation.ui.imitate.RadarMainActivity:
    protected static final java.lang.String tag
    protected static final int SCAN_LODING
    protected static final int FINSH_SCAN
com.duguang.baseanimation.ui.imitate.TaobaoPathbutton.Animations:
    184:184:public int getPosCode()
com.duguang.baseanimation.ui.imitate.TaobaoPathbutton.ComposerLayout:
    221:224:public void expand()
    230:230:public boolean isInit()
    237:237:public boolean isShow()
com.duguang.baseanimation.ui.nineold.apidemos.AnimationLoading:
    private static final int DURATION
com.duguang.baseanimation.ui.nineold.apidemos.AnimationLoading$MyAnimationView:
    private static final float BALL_SIZE
com.duguang.baseanimation.ui.nineold.apidemos.AnimationSeeking:
    private static final int DURATION
com.duguang.baseanimation.ui.nineold.apidemos.AnimationSeeking$MyAnimationView:
    private static final int RED
    private static final int BLUE
    private static final int CYAN
    private static final int GREEN
    private static final float BALL_SIZE
com.duguang.baseanimation.ui.nineold.apidemos.AnimatorEvents:
    private static final int OFF
    private static final int ON
com.duguang.baseanimation.ui.nineold.apidemos.BouncingBalls$MyAnimationView:
    private static final int RED
    private static final int BLUE
    private static final int CYAN
    private static final int GREEN
com.duguang.baseanimation.ui.nineold.apidemos.CustomEvaluator$BallXYHolder:
    103:105:public void setXY(com.duguang.baseanimation.ui.nineold.apidemos.CustomEvaluator$XYHolder)
    108:108:public com.duguang.baseanimation.ui.nineold.apidemos.CustomEvaluator$XYHolder getXY()
com.duguang.baseanimation.ui.nineold.apidemos.CustomEvaluator$XYHolder:
    73:74:public void setX(float)
    81:82:public void setY(float)
com.duguang.baseanimation.ui.nineold.apidemos.MultiPropertyAnimation:
    private static final int DURATION
com.duguang.baseanimation.ui.nineold.apidemos.MultiPropertyAnimation$MyAnimationView:
    private static final float BALL_SIZE
com.duguang.baseanimation.ui.nineold.apidemos.ReversingAnimation$MyAnimationView:
    96:98:public void seek(long)
...
com.tencent.mm.sdk.platformtools.PhoneStatusWatcher:
    private static boolean aD
    private android.telephony.TelephonyManager aE
    private android.telephony.PhoneStateListener aF
    public void addPhoneCallListener(com.tencent.mm.sdk.platformtools.PhoneStatusWatcher$PhoneCallListener)
    public void removePhoneCallListener(com.tencent.mm.sdk.platformtools.PhoneStatusWatcher$PhoneCallListener)
    public void clearPhoneCallListener()
    public static boolean isCalling()
    public void begin(android.content.Context)
    public void end()
    static synthetic java.util.List a(com.tencent.mm.sdk.platformtools.PhoneStatusWatcher)
    static synthetic boolean a(boolean)
com.tencent.mm.sdk.platformtools.PhoneStatusWatcher$1
com.tencent.mm.sdk.platformtools.PhoneStatusWatcher$PhoneCallListener:
    public abstract void onPhoneCall(int)
com.tencent.mm.sdk.platformtools.PhoneUtil:
    public static final java.lang.String CELL_GSM
    public static final java.lang.String CELL_CDMA
    public static void getSignalStrength(android.content.Context)
com.tencent.mm.sdk.platformtools.PhoneUtil$CellInfo:
    public static final int MAX_CID
    public static final int MAX_LAC
com.tencent.mm.sdk.platformtools.PhoneUtil16Impl:
    public void getSignalStrength(android.content.Context)
com.tencent.mm.sdk.platformtools.PhoneUtil20Impl:
    public void getSignalStrength(android.content.Context)
com.tencent.mm.sdk.platformtools.QueueWorkerThread:
    private java.util.concurrent.LinkedBlockingQueue aQ
    private boolean aR
    private int aS
    private int priority
    private java.lang.String name
    private java.lang.Object lock
    private java.util.Vector aT
    private android.os.Handler aU
    public QueueWorkerThread(int,java.lang.String)
    public QueueWorkerThread(int,java.lang.String,int)
    public int getQueueSize()
    public int add(com.tencent.mm.sdk.platformtools.QueueWorkerThread$ThreadObject)
    public boolean isDead()
    public void pause(boolean)
    static synthetic java.lang.String a(com.tencent.mm.sdk.platformtools.QueueWorkerThread)
    static synthetic int b(com.tencent.mm.sdk.platformtools.QueueWorkerThread)
    static synthetic java.util.Vector c(com.tencent.mm.sdk.platformtools.QueueWorkerThread)
    static synthetic java.lang.Object d(com.tencent.mm.sdk.platformtools.QueueWorkerThread)
    static synthetic boolean e(com.tencent.mm.sdk.platformtools.QueueWorkerThread)
    static synthetic java.util.concurrent.LinkedBlockingQueue f(com.tencent.mm.sdk.platformtools.QueueWorkerThread)
    static synthetic android.os.Handler g(com.tencent.mm.sdk.platformtools.QueueWorkerThread)
com.tencent.mm.sdk.platformtools.QueueWorkerThread$1
com.tencent.mm.sdk.platformtools.QueueWorkerThread$ThreadObject:
    public abstract boolean doInBackground()
    public abstract boolean onPostExecute()
com.tencent.mm.sdk.platformtools.QueueWorkerThread$WorkerThread
com.tencent.mm.sdk.platformtools.SemiXml:
    public static final java.lang.String MAGIC_HEAD
    public static java.lang.String encode(java.util.Map)
    public static java.util.Map decode(java.lang.String)
com.tencent.mm.sdk.platformtools.SensorController:
    private android.hardware.SensorManager aY
    private android.hardware.Sensor bc
    private final boolean bd
    private boolean bf
    public SensorController(android.content.Context)
    public void setSensorCallBack(com.tencent.mm.sdk.platformtools.SensorController$SensorEventCallBack)
    public void removeSensorCallBack()
    public boolean isSensorEnable()
com.tencent.mm.sdk.platformtools.SmoothScrollToPosition21below
com.tencent.mm.sdk.platformtools.SmoothScrollToPosition22